<?xml version="1.0" encoding="UTF-8"?>
<!-- Generated by org.testng.reporters.JUnitReportReporter -->
<testsuite hostname="DESKTOP-79EU623" failures="0" tests="1" name="testscript.Login_Pagetest" time="8.886" errors="0" timestamp="2024-11-23T14:41:12 IST" skipped="0">
  <testcase classname="testscript.Login_Pagetest" name="verifyUserIsAbleToLoginValidCredenstials" time="8.886"/>
  <system-out/>
</testsuite> <!-- testscript.Login_Pagetest -->
