<?xml version="1.0" encoding="UTF-8"?>
<!-- Generated by org.testng.reporters.JUnitReportReporter -->
<testsuite hostname="DESKTOP-79EU623" failures="0" tests="2" name="test.NewTest" time="0.010" errors="0" timestamp="2024-11-22T10:32:22 IST" skipped="0">
  <testcase classname="test.NewTest" name="testN" time="0.003"/>
  <system-out/>
  <testcase classname="test.NewTest" name="test" time="0.007"/>
  <system-out/>
</testsuite> <!-- test.NewTest -->
