<?xml version="1.0" encoding="UTF-8"?>
<!-- Generated by org.testng.reporters.JUnitReportReporter -->
<testsuite hostname="DESKTOP-79EU623" failures="0" tests="4" name="test.NewTest1" time="0.015" errors="0" timestamp="2024-11-22T10:32:54 IST" skipped="0">
  <testcase classname="test.NewTest1" name="print" time="0.012"/>
  <system-out/>
  <testcase classname="test.NewTest1" name="printSecond" time="0.001"/>
  <system-out/>
  <testcase classname="test.NewTest1" name="printNew" time="0.001"/>
  <system-out/>
  <testcase classname="test.NewTest1" name="display" time="0.001"/>
  <system-out/>
</testsuite> <!-- test.NewTest1 -->
