<?xml version="1.0" encoding="UTF-8"?>
<!-- Generated by org.testng.reporters.JUnitReportReporter -->
<testsuite hostname="DESKTOP-79EU623" failures="0" tests="1" name="testscript.Client_Pagetest" time="9.433" errors="0" timestamp="2024-11-23T14:51:00 IST" skipped="0">
  <testcase classname="testscript.Client_Pagetest" name="userAbleToSearchWithClientDetails" time="9.433"/>
  <system-out/>
</testsuite> <!-- testscript.Client_Pagetest -->
