<?xml version="1.0" encoding="UTF-8"?>
<!-- Generated by org.testng.reporters.JUnitReportReporter -->
<testsuite hostname="DESKTOP-79EU623" failures="0" tests="1" name="testscript.Base" time="7.014" errors="0" timestamp="2024-11-25T13:43:32 IST" skipped="0">
  <testcase classname="testscript.Base" name="beforeMethod" time="7.014"/>
  <system-out/>
</testsuite> <!-- testscript.Base -->
